TN:
SF:bmi.js
FN:2,(anonymous_0)
FN:17,(anonymous_1)
FN:25,(anonymous_2)
FN:29,(anonymous_3)
FN:33,(anonymous_4)
FN:37,(anonymous_5)
FN:42,calculateBMI
FNF:7
FNH:6
FNDA:3,(anonymous_0)
FNDA:1,(anonymous_1)
FNDA:2,(anonymous_2)
FNDA:2,(anonymous_3)
FNDA:2,(anonymous_4)
FNDA:2,(anonymous_5)
FNDA:0,calculateBMI
DA:2,1
DA:3,3
DA:5,3
DA:7,3
DA:8,3
DA:10,3
DA:12,3
DA:13,3
DA:17,1
DA:18,1
DA:19,0
DA:20,0
DA:25,1
DA:27,2
DA:29,1
DA:31,2
DA:33,1
DA:35,2
DA:37,1
DA:39,2
DA:43,0
DA:44,0
DA:45,0
DA:47,0
DA:49,0
DA:50,0
DA:52,0
DA:58,1
LF:28
LH:19
BRDA:27,0,0,1
BRDA:27,0,1,1
BRDA:31,1,0,1
BRDA:31,1,1,1
BRDA:31,2,0,2
BRDA:31,2,1,1
BRDA:35,3,0,1
BRDA:35,3,1,1
BRDA:35,4,0,2
BRDA:35,4,1,2
BRDA:39,5,0,1
BRDA:39,5,1,1
BRDA:54,6,0,0
BRDA:54,6,1,0
BRDA:54,6,2,0
BRDA:54,6,3,0
BRF:16
BRH:12
end_of_record
